2021-09-08T06:37:16.716Z [Hello user!] info: All users displayed
2021-09-08T06:38:16.512Z [Hello user!] info: User details updated
2021-09-08T06:38:25.068Z [Hello user!] info: All users displayed
2021-09-08T06:38:51.567Z [Hello user!] info: User details deleted
2021-09-08T06:38:57.054Z [Hello user!] info: All users displayed
2021-09-08T06:48:45.894Z [Hello user!] info: All notes displayed
2021-09-08T06:49:29.849Z [Hello user!] info: Note updated
2021-09-08T06:49:41.529Z [Hello user!] info: All notes displayed
2021-09-08T06:50:29.016Z [Hello user!] info: Note updated
2021-09-08T06:50:34.457Z [Hello user!] info: All notes displayed
2021-09-08T07:01:38.912Z [Hello user!] info: All notes displayed
2021-09-08T07:01:42.841Z [Hello user!] info: Note displayed
2021-09-08T07:03:05.198Z [Hello user!] info: Note deleted
2021-09-08T07:03:31.398Z [Hello user!] info: Note archived
2021-09-08T07:03:37.679Z [Hello user!] info: All notes displayed
2021-09-08T08:19:22.455Z [Hello user!] info: All users displayed
2021-09-08T08:23:09.661Z [Hello user!] info: All users displayed
2021-09-08T08:23:16.405Z [Hello user!] info: All users displayed
2021-09-08T08:29:39.704Z [Hello user!] info: All notes displayed
2021-09-08T08:37:53.424Z [Hello user!] info: All notes displayed
2021-09-08T08:49:24.867Z [Hello user!] info: All notes displayed
2021-09-08T08:56:00.504Z [Hello user!] info: All notes displayed
2021-09-08T09:08:36.547Z [Hello user!] info: All notes displayed
2021-09-08T09:11:08.234Z [Hello user!] info: All notes displayed
2021-09-08T19:16:14.132Z [Hello user!] info: All users displayed
2021-09-08T19:16:58.249Z [Hello user!] error: Cast to ObjectId failed for value "{id}" (type string) at path "_id" for model "Details"
2021-09-08T19:17:17.582Z [Hello user!] info: All users displayed
2021-09-08T19:17:43.325Z [Hello user!] error: Cast to ObjectId failed for value "{id}" (type string) at path "_id" for model "Details"
2021-09-08T19:19:11.181Z [Hello user!] error: Cast to ObjectId failed for value "{id}" (type string) at path "_id" for model "Details"
2021-09-08T19:19:42.964Z [Hello user!] error: Cast to ObjectId failed for value "{id}" (type string) at path "_id" for model "Details"
2021-09-08T19:20:31.911Z [Hello user!] error: Cast to ObjectId failed for value "{_id}" (type string) at path "_id" for model "Details"
2021-09-08T19:20:57.714Z [Hello user!] info: All users displayed
2021-09-08T19:21:19.893Z [Hello user!] error: Cast to ObjectId failed for value "{_id}" (type string) at path "_id" for model "Details"
2021-09-08T19:22:36.979Z [Hello user!] error: Cast to ObjectId failed for value "{_id}" (type string) at path "_id" for model "Details"
2021-09-08T19:23:26.429Z [Hello user!] error: Cast to ObjectId failed for value "{:id}" (type string) at path "_id" for model "Details"
2021-09-08T19:24:53.249Z [Hello user!] error: Cast to ObjectId failed for value ":id" (type string) at path "_id" for model "Details"
2021-09-09T04:59:10.634Z [Hello user!] info: New user registered
2021-09-09T04:59:28.171Z [Hello user!] info: All users displayed
2021-09-09T05:00:04.409Z [Hello user!] info: Aditya logged in
2021-09-09T05:00:15.074Z [Hello user!] error: Invalid user. Access not allowed
2021-09-09T05:01:11.626Z [Hello user!] info: New note created
2021-09-09T05:01:36.251Z [Hello user!] info: All notes displayed
2021-09-09T05:02:34.322Z [Hello user!] info: All notes displayed
2021-09-09T05:03:02.648Z [Hello user!] info: Note deleted
2021-09-09T05:03:14.440Z [Hello user!] info: Note archived
2021-09-09T05:03:43.608Z [Hello user!] info: All notes displayed
2021-09-09T05:04:02.908Z [Hello user!] info: Note updated
2021-09-09T05:04:49.394Z [Hello user!] info: All users displayed
2021-09-09T12:16:17.523Z [Hello user!] error: Cast to ObjectId failed for value "{id}" (type string) at path "_id" for model "Details"
2021-09-09T12:16:48.050Z [Hello user!] info: All users displayed
2021-09-09T12:21:54.704Z [Hello user!] error: Cast to ObjectId failed for value "{id}" (type string) at path "_id" for model "Details"
2021-09-09T12:22:53.577Z [Hello user!] error: Cast to ObjectId failed for value "{_id}" (type string) at path "_id" for model "Details"
2021-09-09T12:22:57.938Z [Hello user!] error: Cast to ObjectId failed for value "{_id}" (type string) at path "_id" for model "Details"
2021-09-09T12:27:57.918Z [Hello user!] info: User details deleted
2021-09-09T12:28:44.265Z [Hello user!] error: Cannot read property 'remove' of null
2021-09-09T12:29:13.811Z [Hello user!] info: All notes displayed
2021-09-09T12:38:22.070Z [Hello user!] info: Note updated
2021-09-09T12:39:10.450Z [Hello user!] info: All notes displayed
2021-09-09T12:41:57.353Z [Hello user!] info: All notes displayed
