2021-09-06T12:58:52.484Z [Hello user!] info: All users details
2021-09-06T12:59:10.270Z [Hello user!] info: Person detail
2021-09-06T12:59:27.596Z [Hello user!] info: User details updated
2021-09-06T12:59:52.173Z [Hello user!] info: User details deleted
2021-09-06T13:00:24.344Z [Hello user!] info: User details created
2021-09-06T13:03:07.845Z [Hello user!] info: Cannot find details
2021-09-06T13:03:20.329Z [Hello user!] info: Cannot find details
2021-09-06T19:24:05.699Z [Hello user!] info: All users details
2021-09-06T19:27:26.592Z [Hello user!] info: All users details
2021-09-06T19:30:57.462Z [Hello user!] info: All users details
2021-09-06T19:35:27.906Z [Hello user!] info: Person detail
2021-09-06T19:35:33.400Z [Hello user!] info: Person detail
2021-09-06T19:35:53.480Z [Hello user!] info: Person detail
2021-09-06T19:35:56.544Z [Hello user!] info: All users details
2021-09-06T19:36:04.206Z [Hello user!] info: Person detail
2021-09-06T19:41:57.720Z [Hello user!] info: User details created
2021-09-06T19:42:07.882Z [Hello user!] info: All users details
2021-09-07T02:14:41.757Z [Hello user!] info: All users details
2021-09-07T07:44:34.091Z [Hello user!] info: All users details
2021-09-07T08:00:00.636Z [Hello user!] info: All users details
2021-09-07T08:03:37.933Z [Hello user!] info: All users details
2021-09-07T10:00:41.747Z [Hello user!] info: Person detail
2021-09-07T10:00:50.449Z [Hello user!] info: User details deleted
2021-09-07T10:03:54.294Z [Hello user!] info: Person detail
2021-09-07T10:12:01.553Z [Hello user!] info: User details created
2021-09-07T10:13:52.967Z [Hello user!] error: Cannot read property 'remove' of null
2021-09-07T10:36:02.101Z [Hello user!] info: Person detail
2021-09-07T10:36:18.072Z [Hello user!] info: User details deleted
2021-09-07T10:36:29.517Z [Hello user!] error: Email already exists
2021-09-07T10:37:33.024Z [Hello user!] error: Email already exists
2021-09-07T10:39:44.042Z [Hello user!] error: Email already exists
2021-09-07T10:46:15.339Z [Hello user!] error: User already registered
2021-09-07T10:46:30.333Z [Hello user!] error: User already registered
2021-09-07T10:46:40.017Z [Hello user!] error: User already registered
2021-09-07T10:47:56.309Z [Hello user!] error: User already registered
2021-09-07T10:49:19.780Z [Hello user!] error: User already registered
2021-09-07T10:49:22.338Z [Hello user!] error: User already registered
2021-09-07T10:50:36.586Z [Hello user!] error: User already registered
2021-09-07T10:52:46.332Z [Hello user!] error: User already registered
2021-09-07T11:07:35.141Z [Hello user!] error: User already registered
2021-09-07T11:08:33.478Z [Hello user!] error: User already registered
2021-09-07T11:17:25.821Z [Hello user!] error: User already registered
2021-09-07T11:18:27.119Z [Hello user!] error: User already registered
2021-09-07T11:49:28.760Z [Hello user!] error: User already registered
2021-09-07T11:50:35.038Z [Hello user!] error: User already registered
2021-09-07T11:52:06.212Z [Hello user!] error: User already registered
2021-09-07T11:53:10.520Z [Hello user!] error: User already registered
2021-09-07T12:53:57.613Z [Hello user!] error: User already registered
2021-09-07T13:16:48.602Z [Hello user!] error: err is not defined
2021-09-07T13:18:03.640Z [Hello user!] error: User already registered
2021-09-07T13:18:13.627Z [Hello user!] error: User already registered
2021-09-07T13:18:24.532Z [Hello user!] error: User already registered
2021-09-07T13:18:25.411Z [Hello user!] error: User already registered
2021-09-07T13:18:25.745Z [Hello user!] error: User already registered
2021-09-07T13:18:34.756Z [Hello user!] error: User already registered
2021-09-07T13:19:49.335Z [Hello user!] error: User already registered
2021-09-07T13:27:09.679Z [Hello user!] error: User already registered
2021-09-07T13:27:16.068Z [Hello user!] error: First name cannot be blank
2021-09-07T13:34:09.377Z [Hello user!] error: User already registered
2021-09-07T13:34:16.780Z [Hello user!] error: Last name cannot be blank
2021-09-07T13:34:29.116Z [Hello user!] error: Invalid password
2021-09-07T13:34:53.067Z [Hello user!] error: User already registered
2021-09-07T13:35:00.947Z [Hello user!] info: New user registered
2021-09-07T16:41:08.026Z [Hello user!] error: User already registered
2021-09-07T16:47:48.090Z [Hello user!] error: Invalid user. Access not allowed
2021-09-07T16:48:44.427Z [Hello user!] info: Aayush logged in
2021-09-07T16:49:18.972Z [Hello user!] error: Invalid user. Access not allowed
2021-09-07T16:49:27.083Z [Hello user!] error: Invalid user. Access not allowed
2021-09-07T16:49:50.061Z [Hello user!] info: Aayush logged in
2021-09-07T17:51:00.018Z [Hello user!] info: All notes displayed
2021-09-07T17:53:43.010Z [Hello user!] info: All notes displayed
2021-09-07T18:04:08.974Z [Hello user!] info: New note created
2021-09-07T18:05:12.084Z [Hello user!] info: New note created
2021-09-07T18:05:38.258Z [Hello user!] info: New note created
2021-09-07T18:05:43.459Z [Hello user!] info: All notes displayed
2021-09-07T18:06:26.667Z [Hello user!] info: All notes displayed
2021-09-07T18:07:31.270Z [Hello user!] info: All notes displayed
2021-09-07T18:09:54.266Z [Hello user!] info: All notes displayed
2021-09-07T18:10:01.675Z [Hello user!] info: All notes displayed
2021-09-07T18:11:19.647Z [Hello user!] info: Note displayed
2021-09-07T19:23:13.571Z [Hello user!] error: User already registered
2021-09-07T19:25:13.093Z [Hello user!] error: User already registered
2021-09-07T19:25:56.665Z [Hello user!] info: New user registered
2021-09-07T19:28:18.919Z [Hello user!] info: Aayush logged in
2021-09-07T19:30:37.277Z [Hello user!] info: Piyush logged in
2021-09-08T03:02:58.395Z [Hello user!] info: New note created
2021-09-08T03:18:00.687Z [Hello user!] info: New user registered
2021-09-08T03:40:41.329Z [Hello user!] info: All users displayed
